<?xml version="1.0" encoding="UTF-8"?>
<!-- Generated by org.testng.reporters.JUnitReportReporter -->
<testsuite skipped="0" hostname="YUXARM0018L" name="E2EFramework.HomePage" tests="1" failures="0" timestamp="2020-02-10T14:45:15 COT" time="4.865" errors="0">
  <testcase name="BasicNavigation" time="4.865" classname="E2EFramework.HomePage"/>
</testsuite> <!-- E2EFramework.HomePage -->
