<?xml version="1.0" encoding="UTF-8"?>
<!-- Generated by org.testng.reporters.JUnitReportReporter -->
<testsuite skipped="0" hostname="YUXARM0018L" name="E2EFramework.LoginTests" tests="2" failures="0" timestamp="2020-02-12T11:11:50 COT" time="71.684" errors="0">
  <testcase name="LoginWrongCredentials" time="34.053" classname="E2EFramework.LoginTests"/>
  <testcase name="LoginWithoutPassword" time="37.631" classname="E2EFramework.LoginTests"/>
</testsuite> <!-- E2EFramework.LoginTests -->
